<?xml version="1.0" encoding="UTF-8"?>
<!-- Generated by org.testng.reporters.JUnitReportReporter -->
<testsuite hostname="DESKTOP-LOK0ITO" failures="0" tests="3" name="Automation.Assignment.test1" time="19.182" errors="0" timestamp="2022-05-11T03:07:10 IST" skipped="0">
  <testcase classname="Automation.Assignment.test1" name="searchProduct" time="14.974"/>
  <system-out/>
  <testcase classname="Automation.Assignment.test1" name="homePageLinkTextValidtion" time="0.327"/>
  <system-out/>
  <testcase classname="Automation.Assignment.test1" name="DropdownItemValidation" time="3.881"/>
  <system-out/>
</testsuite> <!-- Automation.Assignment.test1 -->
